INFO [2024-03-06 23:23:22] $x
INFO [2024-03-06 23:23:22] list(vendat$CrabSurvey_Fish, vendat$Fish16S)
INFO [2024-03-06 23:23:22] 
INFO [2024-03-06 23:23:22] $category.names
INFO [2024-03-06 23:23:22] c("Crab Survey Fish", "eDNA Fish")
INFO [2024-03-06 23:23:22] 
INFO [2024-03-06 23:23:22] $filename
INFO [2024-03-06 23:23:22] [1] "SAB_FishVenn.png"
INFO [2024-03-06 23:23:22] 
INFO [2024-03-06 23:23:22] $output
INFO [2024-03-06 23:23:22] [1] TRUE
INFO [2024-03-06 23:23:22] 
INFO [2024-03-06 23:23:22] $imagetype
INFO [2024-03-06 23:23:22] [1] "png"
INFO [2024-03-06 23:23:22] 
INFO [2024-03-06 23:23:22] $height
INFO [2024-03-06 23:23:22] [1] 6000
INFO [2024-03-06 23:23:22] 
INFO [2024-03-06 23:23:22] $width
INFO [2024-03-06 23:23:22] [1] 6000
INFO [2024-03-06 23:23:22] 
INFO [2024-03-06 23:23:22] $resolution
INFO [2024-03-06 23:23:22] [1] 400
INFO [2024-03-06 23:23:22] 
INFO [2024-03-06 23:23:22] $lwd
INFO [2024-03-06 23:23:22] [1] 2
INFO [2024-03-06 23:23:22] 
INFO [2024-03-06 23:23:22] $lty
INFO [2024-03-06 23:23:22] [1] "blank"
INFO [2024-03-06 23:23:22] 
INFO [2024-03-06 23:23:22] $fill
INFO [2024-03-06 23:23:22] myCol
INFO [2024-03-06 23:23:22] 
INFO [2024-03-06 23:23:22] $cex
INFO [2024-03-06 23:23:22] [1] 2.2
INFO [2024-03-06 23:23:22] 
INFO [2024-03-06 23:23:22] $fontface
INFO [2024-03-06 23:23:22] [1] "bold"
INFO [2024-03-06 23:23:22] 
INFO [2024-03-06 23:23:22] $fontfamily
INFO [2024-03-06 23:23:22] [1] "sans"
INFO [2024-03-06 23:23:22] 
INFO [2024-03-06 23:23:22] $cat.cex
INFO [2024-03-06 23:23:22] [1] 2.2
INFO [2024-03-06 23:23:22] 
INFO [2024-03-06 23:23:22] $cat.fontface
INFO [2024-03-06 23:23:22] [1] "bold"
INFO [2024-03-06 23:23:22] 
INFO [2024-03-06 23:23:22] $cat.default.pos
INFO [2024-03-06 23:23:22] [1] "text"
INFO [2024-03-06 23:23:22] 
INFO [2024-03-06 23:23:22] $cat.fontfamily
INFO [2024-03-06 23:23:22] [1] "sans"
INFO [2024-03-06 23:23:22] 
