INFO [2024-03-06 23:22:04] $x
INFO [2024-03-06 23:22:04] list(vendat$CrabSurvey_Inverts, vendat$COI_animals)
INFO [2024-03-06 23:22:04] 
INFO [2024-03-06 23:22:04] $category.names
INFO [2024-03-06 23:22:04] c("Crab Survey Invertebrates", "eDNA Invertebrates")
INFO [2024-03-06 23:22:04] 
INFO [2024-03-06 23:22:04] $filename
INFO [2024-03-06 23:22:04] [1] "SAB_InvertsVenn.png"
INFO [2024-03-06 23:22:04] 
INFO [2024-03-06 23:22:04] $output
INFO [2024-03-06 23:22:04] [1] TRUE
INFO [2024-03-06 23:22:04] 
INFO [2024-03-06 23:22:04] $imagetype
INFO [2024-03-06 23:22:04] [1] "png"
INFO [2024-03-06 23:22:04] 
INFO [2024-03-06 23:22:04] $height
INFO [2024-03-06 23:22:04] [1] 6000
INFO [2024-03-06 23:22:04] 
INFO [2024-03-06 23:22:04] $width
INFO [2024-03-06 23:22:04] [1] 6000
INFO [2024-03-06 23:22:04] 
INFO [2024-03-06 23:22:04] $resolution
INFO [2024-03-06 23:22:04] [1] 400
INFO [2024-03-06 23:22:04] 
INFO [2024-03-06 23:22:04] $lwd
INFO [2024-03-06 23:22:04] [1] 2
INFO [2024-03-06 23:22:04] 
INFO [2024-03-06 23:22:04] $lty
INFO [2024-03-06 23:22:04] [1] "blank"
INFO [2024-03-06 23:22:04] 
INFO [2024-03-06 23:22:04] $fill
INFO [2024-03-06 23:22:04] myCol
INFO [2024-03-06 23:22:04] 
INFO [2024-03-06 23:22:04] $cex
INFO [2024-03-06 23:22:04] [1] 2.2
INFO [2024-03-06 23:22:04] 
INFO [2024-03-06 23:22:04] $fontface
INFO [2024-03-06 23:22:04] [1] "bold"
INFO [2024-03-06 23:22:04] 
INFO [2024-03-06 23:22:04] $fontfamily
INFO [2024-03-06 23:22:04] [1] "sans"
INFO [2024-03-06 23:22:04] 
INFO [2024-03-06 23:22:04] $cat.cex
INFO [2024-03-06 23:22:04] [1] 2.2
INFO [2024-03-06 23:22:04] 
INFO [2024-03-06 23:22:04] $cat.fontface
INFO [2024-03-06 23:22:04] [1] "bold"
INFO [2024-03-06 23:22:04] 
INFO [2024-03-06 23:22:04] $cat.fontfamily
INFO [2024-03-06 23:22:04] [1] "sans"
INFO [2024-03-06 23:22:04] 
