INFO [2024-03-06 23:21:46] $x
INFO [2024-03-06 23:21:46] list(vendat$CrabSurvey_Fish, vendat$Fish16S)
INFO [2024-03-06 23:21:46] 
INFO [2024-03-06 23:21:46] $category.names
INFO [2024-03-06 23:21:46] c("Crab Survey Invertebrates", "eDNA Invertebrates")
INFO [2024-03-06 23:21:46] 
INFO [2024-03-06 23:21:46] $filename
INFO [2024-03-06 23:21:46] [1] "SAB_InvertsVenn.png"
INFO [2024-03-06 23:21:46] 
INFO [2024-03-06 23:21:46] $output
INFO [2024-03-06 23:21:46] [1] TRUE
INFO [2024-03-06 23:21:46] 
INFO [2024-03-06 23:21:46] $imagetype
INFO [2024-03-06 23:21:46] [1] "png"
INFO [2024-03-06 23:21:46] 
INFO [2024-03-06 23:21:46] $height
INFO [2024-03-06 23:21:46] [1] 6000
INFO [2024-03-06 23:21:46] 
INFO [2024-03-06 23:21:46] $width
INFO [2024-03-06 23:21:46] [1] 6000
INFO [2024-03-06 23:21:46] 
INFO [2024-03-06 23:21:46] $resolution
INFO [2024-03-06 23:21:46] [1] 400
INFO [2024-03-06 23:21:46] 
INFO [2024-03-06 23:21:46] $lwd
INFO [2024-03-06 23:21:46] [1] 2
INFO [2024-03-06 23:21:46] 
INFO [2024-03-06 23:21:46] $lty
INFO [2024-03-06 23:21:46] [1] "blank"
INFO [2024-03-06 23:21:46] 
INFO [2024-03-06 23:21:46] $fill
INFO [2024-03-06 23:21:46] myCol
INFO [2024-03-06 23:21:46] 
INFO [2024-03-06 23:21:46] $cex
INFO [2024-03-06 23:21:46] [1] 2.2
INFO [2024-03-06 23:21:46] 
INFO [2024-03-06 23:21:46] $fontface
INFO [2024-03-06 23:21:46] [1] "bold"
INFO [2024-03-06 23:21:46] 
INFO [2024-03-06 23:21:46] $fontfamily
INFO [2024-03-06 23:21:46] [1] "sans"
INFO [2024-03-06 23:21:46] 
INFO [2024-03-06 23:21:46] $cat.cex
INFO [2024-03-06 23:21:46] [1] 2.2
INFO [2024-03-06 23:21:46] 
INFO [2024-03-06 23:21:46] $cat.fontface
INFO [2024-03-06 23:21:46] [1] "bold"
INFO [2024-03-06 23:21:46] 
INFO [2024-03-06 23:21:46] $cat.fontfamily
INFO [2024-03-06 23:21:46] [1] "sans"
INFO [2024-03-06 23:21:46] 
