INFO [2024-03-06 23:23:07] $x
INFO [2024-03-06 23:23:07] list(vendat$CrabSurvey_Inverts, vendat$COI_animals)
INFO [2024-03-06 23:23:07] 
INFO [2024-03-06 23:23:07] $category.names
INFO [2024-03-06 23:23:07] c("Crab Survey Invertebrates", "eDNA Invertebrates")
INFO [2024-03-06 23:23:07] 
INFO [2024-03-06 23:23:07] $filename
INFO [2024-03-06 23:23:07] [1] "SAB_InvertsVenn.png"
INFO [2024-03-06 23:23:07] 
INFO [2024-03-06 23:23:07] $output
INFO [2024-03-06 23:23:07] [1] TRUE
INFO [2024-03-06 23:23:07] 
INFO [2024-03-06 23:23:07] $imagetype
INFO [2024-03-06 23:23:07] [1] "png"
INFO [2024-03-06 23:23:07] 
INFO [2024-03-06 23:23:07] $height
INFO [2024-03-06 23:23:07] [1] 6000
INFO [2024-03-06 23:23:07] 
INFO [2024-03-06 23:23:07] $width
INFO [2024-03-06 23:23:07] [1] 6000
INFO [2024-03-06 23:23:07] 
INFO [2024-03-06 23:23:07] $resolution
INFO [2024-03-06 23:23:07] [1] 400
INFO [2024-03-06 23:23:07] 
INFO [2024-03-06 23:23:07] $lwd
INFO [2024-03-06 23:23:07] [1] 2
INFO [2024-03-06 23:23:07] 
INFO [2024-03-06 23:23:07] $lty
INFO [2024-03-06 23:23:07] [1] "blank"
INFO [2024-03-06 23:23:07] 
INFO [2024-03-06 23:23:07] $fill
INFO [2024-03-06 23:23:07] myCol
INFO [2024-03-06 23:23:07] 
INFO [2024-03-06 23:23:07] $cex
INFO [2024-03-06 23:23:07] [1] 2.2
INFO [2024-03-06 23:23:07] 
INFO [2024-03-06 23:23:07] $fontface
INFO [2024-03-06 23:23:07] [1] "bold"
INFO [2024-03-06 23:23:07] 
INFO [2024-03-06 23:23:07] $fontfamily
INFO [2024-03-06 23:23:07] [1] "sans"
INFO [2024-03-06 23:23:07] 
INFO [2024-03-06 23:23:07] $cat.cex
INFO [2024-03-06 23:23:07] [1] 2.2
INFO [2024-03-06 23:23:07] 
INFO [2024-03-06 23:23:07] $cat.fontface
INFO [2024-03-06 23:23:07] [1] "bold"
INFO [2024-03-06 23:23:07] 
INFO [2024-03-06 23:23:07] $cat.default.pos
INFO [2024-03-06 23:23:07] [1] "text"
INFO [2024-03-06 23:23:07] 
INFO [2024-03-06 23:23:07] $cat.fontfamily
INFO [2024-03-06 23:23:07] [1] "sans"
INFO [2024-03-06 23:23:07] 
